<?xml version="1.0" encoding="UTF-8"?>
<!-- Generated by org.testng.reporters.JUnitReportReporter -->
<testsuite hostname="Chandru-PC" name="com.application.tests.DeleteCompanyTest" tests="1" failures="0" timestamp="23 Sep 2016 06:24:04 GMT" time="40.846" errors="0">
  <testcase name="testDeleteCompany" time="40.846" classname="com.application.tests.DeleteCompanyTest"/>
</testsuite> <!-- com.application.tests.DeleteCompanyTest -->
