<?xml version="1.0" encoding="UTF-8"?>
<!-- Generated by org.testng.reporters.JUnitReportReporter -->
<testsuite hostname="Chandru-PC" name="com.application.tests.CreateEmployeeTest" tests="1" failures="0" timestamp="16 Sep 2016 12:59:06 GMT" time="25.295" errors="0">
  <testcase name="testCreateEmployee" time="25.295" classname="com.application.tests.CreateEmployeeTest"/>
</testsuite> <!-- com.application.tests.CreateEmployeeTest -->
