<?xml version="1.0" encoding="UTF-8"?>
<!-- Generated by org.testng.reporters.JUnitReportReporter -->
<testsuite hostname="Chandru-PC" name="com.application.tests.CreateCompany" tests="1" failures="0" timestamp="7 Sep 2016 08:09:45 GMT" time="18.421" errors="0">
  <testcase name="testMethod" time="18.421" classname="com.application.tests.CreateCompany"/>
</testsuite> <!-- com.application.tests.CreateCompany -->
