<?xml version="1.0" encoding="UTF-8"?>
<!-- Generated by org.testng.reporters.JUnitReportReporter -->
<testsuite skipped="0" hostname="admin-PC" name="com.application.tests.EXP_1_AddADetailedBillByAddingANewVendor" tests="1" failures="0" timestamp="29 Oct 2017 11:39:08 GMT" time="80.196" errors="0">
  <testcase name="addADetailedBillByAddingAnExistingVendor" time="80.196" classname="com.application.tests.EXP_1_AddADetailedBillByAddingANewVendor"/>
</testsuite> <!-- com.application.tests.EXP_1_AddADetailedBillByAddingANewVendor -->
