<?xml version="1.0" encoding="UTF-8"?>
<!-- Generated by org.testng.reporters.JUnitReportReporter -->
<testsuite skipped="0" hostname="Anonymus" name="com.application.tests.InvoiceTest" tests="1" failures="0" timestamp="20 Sep 2017 05:26:41 GMT" time="55.956" errors="0">
  <testcase name="testLoginLogout" time="55.956" classname="com.application.tests.InvoiceTest"/>
</testsuite> <!-- com.application.tests.InvoiceTest -->
