<?xml version="1.0" encoding="UTF-8"?>
<!-- Generated by org.testng.reporters.JUnitReportReporter -->
<testsuite hostname="Chandru-PC" name="com.application.tests.CreateEmployee" tests="1" failures="0" timestamp="16 Sep 2016 06:28:19 GMT" time="37.917" errors="0">
  <testcase name="testCreateEmployee" time="37.917" classname="com.application.tests.CreateEmployee"/>
</testsuite> <!-- com.application.tests.CreateEmployee -->
