<?xml version="1.0" encoding="UTF-8"?>
<!-- Generated by org.testng.reporters.JUnitReportReporter -->
<testsuite hostname="Chandru-PC" name="com.application.tests.LoginLogout" tests="1" failures="0" timestamp="7 Sep 2016 06:10:36 GMT" time="8.497" errors="0">
  <testcase name="testMethod" time="8.497" classname="com.application.tests.LoginLogout"/>
</testsuite> <!-- com.application.tests.LoginLogout -->
