<?xml version="1.0" encoding="UTF-8"?>
<!-- Generated by org.testng.reporters.JUnitReportReporter -->
<testsuite hostname="Chandru-PC" name="com.application.tests.VerifyEmployeeInDirectoryTest" tests="1" failures="0" timestamp="17 Sep 2016 05:53:09 GMT" time="9.151" errors="0">
  <testcase name="testVerifyEmployeeInDirectory" time="9.151" classname="com.application.tests.VerifyEmployeeInDirectoryTest"/>
</testsuite> <!-- com.application.tests.VerifyEmployeeInDirectoryTest -->
