<?xml version="1.0" encoding="UTF-8"?>
<!-- Generated by org.testng.reporters.JUnitReportReporter -->
<testsuite skipped="0" hostname="Anonymus" name="com.application.tests.InvoiceDiscountTest" tests="1" failures="0" timestamp="20 Sep 2017 05:26:41 GMT" time="72.805" errors="0">
  <testcase name="testDiscount" time="72.805" classname="com.application.tests.InvoiceDiscountTest"/>
</testsuite> <!-- com.application.tests.InvoiceDiscountTest -->
