<?xml version="1.0" encoding="UTF-8"?>
<!-- Generated by org.testng.reporters.JUnitReportReporter -->
<testsuite skipped="0" hostname="admin-PC" name="com.application.tests.EXP_2_AddADetailedBillByAddingAnExistingVendor" tests="1" failures="0" timestamp="27 Oct 2017 12:06:31 GMT" time="52.582" errors="0">
  <testcase name="addADetailedBillByAddingAnExistingVendor" time="52.582" classname="com.application.tests.EXP_2_AddADetailedBillByAddingAnExistingVendor"/>
</testsuite> <!-- com.application.tests.EXP_2_AddADetailedBillByAddingAnExistingVendor -->
