<?xml version="1.0" encoding="UTF-8"?>
<!-- Generated by org.testng.reporters.JUnitReportReporter -->
<testsuite skipped="0" hostname="admin-PC" name="com.application.tests.EXP_4_AddADetailedBillByAdingAExistingExpenseType" tests="1" failures="0" timestamp="29 Oct 2017 13:35:18 GMT" time="58.887" errors="0">
  <testcase name="addADetailedBillByAdingAExistingExpenseType" time="58.887" classname="com.application.tests.EXP_4_AddADetailedBillByAdingAExistingExpenseType"/>
</testsuite> <!-- com.application.tests.EXP_4_AddADetailedBillByAdingAExistingExpenseType -->
