<?xml version="1.0" encoding="UTF-8"?>
<!-- Generated by org.testng.reporters.JUnitReportReporter -->
<testsuite hostname="Chandru-PC" name="com.application.tests.CreateCompanyTest" tests="1" failures="0" timestamp="23 Sep 2016 06:15:13 GMT" time="17.873" errors="0">
  <testcase name="testMethod" time="17.873" classname="com.application.tests.CreateCompanyTest"/>
</testsuite> <!-- com.application.tests.CreateCompanyTest -->
